Build started 2/18/2016 2:32:39 PM.
     1>Project "C:\Projects\BaseballCatcher\BaseballCatcher.vcxproj" on node 2 (Build target(s)).
     1>ClCompile:
         C:\Program Files (x86)\Microsoft Visual Studio 12.0\VC\bin\x86_amd64\CL.exe /c /I"C:\Program Files\OpenCV 3.0\build\include" /I"C:\Program Files\Point Grey Research\FlyCapture2\include" /Zi /nologo /W3 /WX- /sdl /O2 /Oi /GL /D WIN32 /D _WINDOWS /D NDEBUG /D _UNICODE /D UNICODE /D _AFXDLL /Gm- /EHsc /MD /GS /Gy /fp:precise /Zc:wchar_t /Zc:forScope /Yu"stdafx.h" /Fp"x64\Release\BaseballCatcher.pch" /Fo"x64\Release\\" /Fd"x64\Release\vc120.pdb" /Gd /TP /errorReport:prompt BaseballCatcher.cpp BaseballCatcherDlg.cpp HardWare.cpp
         BaseballCatcher.cpp
         BaseballCatcherDlg.cpp
     1>BaseballCatcherDlg.cpp(266): warning C4244: 'argument' : conversion from 'double' to 'int', possible loss of data
     1>BaseballCatcherDlg.cpp(267): warning C4244: 'argument' : conversion from 'double' to 'int', possible loss of data
         HardWare.cpp
       Link:
         C:\Program Files (x86)\Microsoft Visual Studio 12.0\VC\bin\x86_amd64\link.exe /ERRORREPORT:PROMPT /OUT:"C:\Projects\BaseballCatcher\x64\Release\BaseballCatcher.exe" /INCREMENTAL:NO /NOLOGO /LIBPATH:"C:\Program Files\OpenCV 3.0\build\x64\vc12\lib" /LIBPATH:"C:\Program Files\Point Grey Research\FlyCapture2\lib64" opencv_world300d.lib FlyCapture2.lib /MANIFEST /MANIFESTUAC:"level='asInvoker' uiAccess='false'" /manifest:embed /manifestinput:"C:\Program Files (x86)\Microsoft Visual Studio 12.0\VC\Include\Manifest\dpiaware.manifest" /DEBUG /PDB:"C:\Projects\BaseballCatcher\x64\Release\BaseballCatcher.pdb" /SUBSYSTEM:WINDOWS /OPT:REF /OPT:ICF /LTCG /TLBID:1 /ENTRY:"wWinMainCRTStartup" /DYNAMICBASE /NXCOMPAT /IMPLIB:"C:\Projects\BaseballCatcher\x64\Release\BaseballCatcher.lib" /MACHINE:X64 x64\Release\BaseballCatcher.res
         x64\Release\BaseballCatcher.obj
         x64\Release\BaseballCatcherDlg.obj
         x64\Release\HardWare.obj
         x64\Release\RoboteqDevice.obj
         x64\Release\RoboteqWrapper.obj
         x64\Release\stdafx.obj
         x64\Release\wincomm.obj
         Generating code
         Finished generating code
         BaseballCatcher.vcxproj -> C:\Projects\BaseballCatcher\x64\Release\BaseballCatcher.exe
     1>Done Building Project "C:\Projects\BaseballCatcher\BaseballCatcher.vcxproj" (Build target(s)).

Build succeeded.

Time Elapsed 00:00:04.55
