Build started 3/12/2016 5:13:49 PM.
     1>Project "c:\Users\davel\documents\visual studio 2013\Projects\EE631_motion_field\EE631_motion_field\EE631_motion_field.vcxproj" on node 2 (Build target(s)).
     1>ClCompile:
         C:\Program Files (x86)\Microsoft Visual Studio 12.0\VC\bin\CL.exe /c /I"C:\Program Files (x86)\opencv\prebuild\include" /ZI /nologo /W3 /WX- /sdl /Od /Oy- /D _MBCS /Gm /EHsc /RTC1 /MDd /GS /fp:precise /Zc:wchar_t /Zc:forScope /Fo"Debug\\" /Fd"Debug\vc120.pdb" /Gd /TP /analyze- /errorReport:prompt motion_field.cpp
         motion_field.cpp
     1>c:\users\davel\documents\visual studio 2013\projects\ee631_motion_field\ee631_motion_field\motion_field.cpp(66): warning C4018: '<' : signed/unsigned mismatch
     1>c:\users\davel\documents\visual studio 2013\projects\ee631_motion_field\ee631_motion_field\motion_field.cpp(69): warning C4018: '<' : signed/unsigned mismatch
     1>c:\users\davel\documents\visual studio 2013\projects\ee631_motion_field\ee631_motion_field\motion_field.cpp(105): warning C4018: '<' : signed/unsigned mismatch
     1>c:\users\davel\documents\visual studio 2013\projects\ee631_motion_field\ee631_motion_field\motion_field.cpp(106): warning C4244: 'initializing' : conversion from 'float' to 'int', possible loss of data
     1>c:\users\davel\documents\visual studio 2013\projects\ee631_motion_field\ee631_motion_field\motion_field.cpp(107): warning C4244: 'initializing' : conversion from 'float' to 'int', possible loss of data
     1>c:\users\davel\documents\visual studio 2013\projects\ee631_motion_field\ee631_motion_field\motion_field.cpp(109): warning C4244: 'initializing' : conversion from 'float' to 'int', possible loss of data
     1>c:\users\davel\documents\visual studio 2013\projects\ee631_motion_field\ee631_motion_field\motion_field.cpp(110): warning C4244: 'initializing' : conversion from 'float' to 'int', possible loss of data
     1>c:\users\davel\documents\visual studio 2013\projects\ee631_motion_field\ee631_motion_field\motion_field.cpp(155): warning C4018: '<' : signed/unsigned mismatch
     1>c:\users\davel\documents\visual studio 2013\projects\ee631_motion_field\ee631_motion_field\motion_field.cpp(158): warning C4018: '<' : signed/unsigned mismatch
     1>c:\users\davel\documents\visual studio 2013\projects\ee631_motion_field\ee631_motion_field\motion_field.cpp(199): warning C4018: '<' : signed/unsigned mismatch
     1>c:\users\davel\documents\visual studio 2013\projects\ee631_motion_field\ee631_motion_field\motion_field.cpp(200): warning C4244: 'initializing' : conversion from 'float' to 'int', possible loss of data
     1>c:\users\davel\documents\visual studio 2013\projects\ee631_motion_field\ee631_motion_field\motion_field.cpp(201): warning C4244: 'initializing' : conversion from 'float' to 'int', possible loss of data
     1>c:\users\davel\documents\visual studio 2013\projects\ee631_motion_field\ee631_motion_field\motion_field.cpp(203): warning C4244: 'initializing' : conversion from 'float' to 'int', possible loss of data
     1>c:\users\davel\documents\visual studio 2013\projects\ee631_motion_field\ee631_motion_field\motion_field.cpp(204): warning C4244: 'initializing' : conversion from 'float' to 'int', possible loss of data
     1>c:\users\davel\documents\visual studio 2013\projects\ee631_motion_field\ee631_motion_field\motion_field.cpp(250): warning C4018: '<' : signed/unsigned mismatch
     1>c:\users\davel\documents\visual studio 2013\projects\ee631_motion_field\ee631_motion_field\motion_field.cpp(255): warning C4018: '<' : signed/unsigned mismatch
     1>c:\users\davel\documents\visual studio 2013\projects\ee631_motion_field\ee631_motion_field\motion_field.cpp(262): warning C4018: '<' : signed/unsigned mismatch
       Link:
         C:\Program Files (x86)\Microsoft Visual Studio 12.0\VC\bin\link.exe /ERRORREPORT:PROMPT /OUT:"c:\users\davel\documents\visual studio 2013\Projects\EE631_motion_field\Debug\EE631_motion_field.exe" /INCREMENTAL /NOLOGO /LIBPATH:"C:\Program Files (x86)\opencv\prebuild\x86\vc12\lib" opencv_world300d.lib user32.lib gdi32.lib winspool.lib comdlg32.lib advapi32.lib shell32.lib ole32.lib oleaut32.lib uuid.lib odbc32.lib odbccp32.lib kernel32.lib user32.lib gdi32.lib winspool.lib comdlg32.lib advapi32.lib shell32.lib ole32.lib oleaut32.lib uuid.lib odbc32.lib odbccp32.lib /MANIFEST /MANIFESTUAC:"level='asInvoker' uiAccess='false'" /manifest:embed /DEBUG /PDB:"c:\users\davel\documents\visual studio 2013\Projects\EE631_motion_field\Debug\EE631_motion_field.pdb" /TLBID:1 /DYNAMICBASE /NXCOMPAT /IMPLIB:"c:\users\davel\documents\visual studio 2013\Projects\EE631_motion_field\Debug\EE631_motion_field.lib" /MACHINE:X86 Debug\motion_field.obj
         EE631_motion_field.vcxproj -> c:\users\davel\documents\visual studio 2013\Projects\EE631_motion_field\Debug\EE631_motion_field.exe
     1>Done Building Project "c:\Users\davel\documents\visual studio 2013\Projects\EE631_motion_field\EE631_motion_field\EE631_motion_field.vcxproj" (Build target(s)).

Build succeeded.

Time Elapsed 00:00:00.89
